<?xml version="1.0" encoding="UTF-8"?>
<robot generator="Robot 5.0.1 (Python 3.8.10 on linux)" generated="20221007 10:44:48.260" rpa="false" schemaversion="3">
<suite id="s1" name="Implicit" source="/home/atwine/Nickson/ROBOT/robottest/Implicit.robot">
<test id="s1-t1" name="RegTest" line="5">
<kw name="Open Browser" library="SeleniumLibrary">
<arg>http://demowebshop.tricentis.com/register</arg>
<arg>Chrome</arg>
<doc>Opens a new browser instance to the optional ``url``.</doc>
<msg timestamp="20221007 10:44:48.413" level="INFO">Opening browser 'Chrome' to base url 'http://demowebshop.tricentis.com/register'.</msg>
<status status="PASS" starttime="20221007 10:44:48.413" endtime="20221007 10:44:52.125"/>
</kw>
<kw name="Maximize Browser Window" library="SeleniumLibrary">
<doc>Maximizes current browser window.</doc>
<status status="PASS" starttime="20221007 10:44:52.127" endtime="20221007 10:44:52.237"/>
</kw>
<kw name="Set Selenium Implicit Wait" library="SeleniumLibrary">
<arg>10 seconds</arg>
<doc>Sets the implicit wait value used by Selenium.</doc>
<status status="PASS" starttime="20221007 10:44:52.238" endtime="20221007 10:44:52.240"/>
</kw>
<kw name="Select Radio Button" library="SeleniumLibrary">
<arg>Gender</arg>
<arg>M</arg>
<doc>Sets the radio button group ``group_name`` to ``value``.</doc>
<msg timestamp="20221007 10:44:52.240" level="INFO">Selecting 'M' from radio button 'Gender'.</msg>
<status status="PASS" starttime="20221007 10:44:52.240" endtime="20221007 10:44:52.332"/>
</kw>
<kw name="Input Text" library="SeleniumLibrary">
<arg>name:FirstName</arg>
<arg>David</arg>
<doc>Types the given ``text`` into the text field identified by ``locator``.</doc>
<msg timestamp="20221007 10:44:52.333" level="INFO">Typing text 'David' into text field 'name:FirstName'.</msg>
<status status="PASS" starttime="20221007 10:44:52.333" endtime="20221007 10:44:52.451"/>
</kw>
<kw name="Input Text" library="SeleniumLibrary">
<arg>name:LastName</arg>
<arg>JOhn</arg>
<doc>Types the given ``text`` into the text field identified by ``locator``.</doc>
<msg timestamp="20221007 10:44:52.451" level="INFO">Typing text 'JOhn' into text field 'name:LastName'.</msg>
<status status="PASS" starttime="20221007 10:44:52.451" endtime="20221007 10:44:52.569"/>
</kw>
<kw name="Input Text" library="SeleniumLibrary">
<arg>name:Email</arg>
<arg>anch@gmail.com</arg>
<doc>Types the given ``text`` into the text field identified by ``locator``.</doc>
<msg timestamp="20221007 10:44:52.570" level="INFO">Typing text 'anch@gmail.com' into text field 'name:Email'.</msg>
<status status="PASS" starttime="20221007 10:44:52.569" endtime="20221007 10:44:52.713"/>
</kw>
<kw name="Input Password" library="SeleniumLibrary">
<arg>name:Password</arg>
<arg>davidjohn</arg>
<doc>Types the given password into the text field identified by ``locator``.</doc>
<msg timestamp="20221007 10:44:52.714" level="INFO">Typing password into text field 'name:Password'.</msg>
<msg timestamp="20221007 10:44:52.780" level="INFO">Temporally setting log level to: NONE</msg>
<msg timestamp="20221007 10:44:52.836" level="INFO">Log level changed from NONE to INFO.</msg>
<status status="PASS" starttime="20221007 10:44:52.713" endtime="20221007 10:44:52.836"/>
</kw>
<kw name="Input Password" library="SeleniumLibrary">
<arg>name:ConfirmPasswordd</arg>
<arg>davidjohn</arg>
<doc>Types the given password into the text field identified by ``locator``.</doc>
<msg timestamp="20221007 10:44:52.836" level="INFO">Typing password into text field 'name:ConfirmPasswordd'.</msg>
<msg timestamp="20221007 10:45:03.082" level="INFO" html="true">&lt;/td&gt;&lt;/tr&gt;&lt;tr&gt;&lt;td colspan="3"&gt;&lt;a href="selenium-screenshot-4.png"&gt;&lt;img src="selenium-screenshot-4.png" width="800px"&gt;&lt;/a&gt;</msg>
<msg timestamp="20221007 10:45:03.082" level="FAIL">Element with locator 'name:ConfirmPasswordd' not found.</msg>
<status status="FAIL" starttime="20221007 10:44:52.836" endtime="20221007 10:45:03.084"/>
</kw>
<status status="FAIL" starttime="20221007 10:44:48.412" endtime="20221007 10:45:03.085">Element with locator 'name:ConfirmPasswordd' not found.</status>
</test>
<status status="FAIL" starttime="20221007 10:44:48.261" endtime="20221007 10:45:03.086"/>
</suite>
<statistics>
<total>
<stat pass="0" fail="1" skip="0">All Tests</stat>
</total>
<tag>
</tag>
<suite>
<stat pass="0" fail="1" skip="0" id="s1" name="Implicit">Implicit</stat>
</suite>
</statistics>
<errors>
</errors>
</robot>
